4048
0 0 2 3
0 4 2 7
0 8 2 11
0 12 2 15
0 16 2 19
0 20 2 23
0 24 2 27
0 28 2 31
0 32 2 35
0 36 2 39
0 40 2 43
0 44 2 47
0 48 2 51
0 52 2 55
0 56 2 59
0 60 2 63
0 64 2 67
0 68 2 71
0 72 2 75
0 76 2 79
0 80 2 83
0 84 2 87
0 89 2 92
0 93 2 96
0 97 2 100
0 102 2 105
0 107 2 110
0 111 2 114
0 115 2 118
0 119 2 122
0 123 2 126
0 127 2 130
0 135 2 138
0 139 2 142
0 143 2 146
0 147 2 150
0 151 2 154
0 155 2 158
0 159 2 162
0 163 2 166
0 167 2 170
0 171 2 174
0 175 2 178
0 179 2 182
0 183 2 186
0 187 2 190
0 191 2 194
0 200 2 203
0 204 2 207
0 208 2 211
0 212 2 215
0 216 2 219
0 220 2 223
0 227 2 230
0 231 2 234
0 235 2 238
0 239 2 242
0 243 2 246
0 247 3 249
0 131 3 133
0 224 3 226
3 0 5 3
3 4 5 7
3 8 5 11
3 12 5 15
3 16 5 19
3 20 5 23
3 24 5 27
3 29 5 32
3 33 5 36
3 37 5 40
3 41 5 44
3 45 5 48
3 52 5 55
3 56 5 59
3 60 5 63
3 64 5 67
3 68 5 71
3 72 5 75
3 76 5 79
3 84 5 87
3 88 5 91
3 92 5 95
3 96 5 99
3 100 5 103
3 105 5 108
3 109 5 112
3 113 5 116
3 117 5 120
3 121 5 124
3 125 5 128
3 134 5 137
3 138 5 141
3 142 5 145
3 146 5 149
3 150 5 153
3 154 5 157
3 158 5 161
3 162 5 165
3 166 5 169
3 170 5 173
3 174 5 177
3 178 5 181
3 182 5 185
3 188 5 191
3 192 5 195
2 196 5 198
3 199 5 202
3 203 5 206
3 207 5 210
3 211 5 214
3 215 5 218
3 219 5 222
3 227 5 230
3 231 5 234
3 235 5 238
3 241 5 244
3 80 6 82
4 129 6 132
3 245 6 246
4 247 6 249
3 186 8 187
4 223 7 225
3 239 8 240
6 0 8 3
6 4 8 7
6 8 8 11
6 12 8 15
6 16 8 19
6 20 8 23
6 24 8 27
6 28 8 31
6 32 8 35
6 36 8 39
6 40 8 43
6 45 8 48
6 50 8 53
6 54 8 57
6 60 8 63
6 64 8 67
6 68 8 71
6 72 8 75
6 76 8 79
6 83 8 86
6 87 8 90
6 91 8 94
6 95 8 98
6 99 8 102
6 106 8 109
6 111 8 114
6 115 8 118
6 119 8 122
6 123 8 126
6 133 8 136
6 140 8 143
6 144 8 147
6 148 8 151
6 152 8 155
6 156 8 159
6 160 8 163
6 164 8 167
6 168 8 171
6 172 8 175
6 176 8 179
6 180 8 183
6 188 8 191
6 192 8 195
6 196 8 199
6 200 8 203
6 204 8 207
6 208 8 211
6 212 8 215
6 217 8 220
6 226 8 229
6 230 8 233
6 236 9 238
6 241 8 244
3 49 12 49
7 80 10 82
7 127 9 130
6 184 9 185
7 245 9 248
6 58 11 59
7 103 10 105
7 131 10 132
6 221 11 222
8 223 11 225
9 0 11 3
9 4 11 7
9 8 11 11
9 12 11 15
9 18 11 21
9 22 11 25
9 26 11 29
9 30 11 33
9 34 11 37
9 38 11 41
9 42 11 45
9 46 12 48
9 50 11 53
9 54 11 57
9 60 11 63
9 64 11 67
9 68 11 71
9 72 11 75
9 76 11 79
9 83 11 86
9 87 11 90
9 91 11 94
9 95 11 98
9 100 12 102
9 106 11 109
9 110 11 113
9 114 11 117
9 118 11 121
9 122 11 125
9 134 11 137
7 138 12 139
9 140 11 143
9 145 11 148
9 149 11 152
9 153 11 156
9 157 11 160
9 161 11 164
9 165 11 168
9 169 11 172
9 173 11 176
9 179 11 182
9 186 11 189
9 190 11 193
9 194 11 197
9 198 11 201
9 202 11 205
9 206 11 209
9 210 11 213
9 214 11 217
9 218 12 220
9 226 11 229
9 230 11 233
9 239 11 242
10 126 12 129
10 183 13 185
10 234 12 237
10 244 12 247
11 130 13 133
9 177 14 178
12 0 14 3
12 5 14 8
12 9 14 12
12 14 14 17
12 18 14 21
12 22 14 25
12 26 14 29
12 30 14 33
12 34 14 37
12 38 14 41
12 42 14 45
12 50 14 53
12 54 14 57
12 58 14 61
12 62 14 65
12 66 14 69
12 70 14 73
12 74 14 77
12 78 14 81
12 84 14 87
12 88 14 91
12 92 14 95
12 104 14 107
12 109 14 112
12 113 14 116
12 117 14 120
12 121 14 124
12 134 14 137
12 140 14 143
12 144 14 147
12 148 14 151
12 152 14 155
12 156 14 159
12 162 14 165
12 166 14 169
12 171 14 174
12 179 14 182
12 186 14 189
12 190 14 193
12 194 14 197
12 198 14 201
12 203 14 206
12 207 14 210
12 211 14 214
12 215 15 217
12 221 14 224
12 227 14 230
12 231 14 233
12 238 14 241
10 248 15 249
13 46 15 49
12 96 15 98
13 99 15 102
13 125 15 128
12 175 15 176
13 234 15 237
12 242 15 243
13 244 15 247
12 82 17 83
14 129 16 132
12 160 17 161
14 183 17 185
12 225 17 226
15 0 17 3
15 4 17 7
15 8 17 11
15 12 17 15
15 18 17 21
15 22 17 25
15 26 17 29
15 30 17 33
15 37 17 40
15 41 17 44
15 50 17 53
15 54 17 57
15 58 17 61
15 64 17 67
15 68 17 71
15 72 17 75
15 78 17 81
15 85 17 88
15 89 17 92
15 93 18 95
15 103 17 106
15 107 17 110
15 111 17 114
15 115 17 118
15 119 17 122
15 133 17 136
15 137 17 140
15 141 17 144
15 145 17 148
15 153 17 156
15 157 17 159
15 162 17 165
15 166 17 169
15 170 17 173
15 179 17 182
15 186 17 189
15 190 17 193
15 194 17 197
15 199 17 202
15 203 17 206
15 207 17 210
15 211 17 214
14 218 17 220
15 221 17 224
15 227 17 230
15 238 17 241
15 34 18 36
16 45 18 48
16 99 18 102
15 123 18 124
16 126 19 128
15 149 18 151
16 174 18 177
16 215 18 217
16 232 18 235
16 242 18 245
16 246 18 249
15 16 20 17
15 62 20 63
15 76 20 77
16 96 19 98
17 129 19 132
16 236 19 237
18 0 20 3
18 4 20 7
18 8 20 11
18 18 20 21
18 22 20 25
18 26 20 29
18 30 20 33
18 37 20 40
18 41 20 44
18 49 20 52
18 55 20 58
18 59 21 61
18 64 20 67
18 68 20 71
18 78 20 81
18 82 20 85
18 86 20 89
18 90 20 92
18 103 20 106
18 107 20 110
18 111 20 114
18 115 20 118
18 119 20 122
18 133 20 136
18 137 20 140
18 141 20 144
18 145 20 148
18 153 20 156
18 158 20 161
18 162 20 165
18 167 20 170
18 178 20 181
18 182 20 185
18 186 20 189
18 190 20 193
18 194 20 197
18 198 20 201
18 203 20 206
18 207 20 210
18 211 20 214
18 218 20 221
18 222 20 225
18 226 20 229
18 238 20 241
18 12 21 14
19 34 21 36
19 46 22 48
19 93 22 95
19 99 21 102
19 123 21 125
19 149 21 152
19 172 21 175
19 215 22 217
19 230 21 233
19 242 21 245
19 246 21 249
18 53 23 54
19 72 22 74
20 96 22 98
20 127 22 130
19 234 22 235
21 0 23 3
21 4 23 7
21 8 23 11
21 15 23 18
21 19 23 22
21 23 23 26
21 27 23 30
21 31 23 33
21 37 23 40
21 42 23 45
21 50 24 52
21 55 23 58
21 62 23 65
21 66 23 69
21 75 23 78
21 79 23 82
21 84 23 87
21 88 23 91
21 103 23 106
21 107 23 110
21 111 23 114
21 115 23 118
21 119 23 122
20 131 23 132
21 133 23 136
21 138 23 141
21 142 23 145
21 146 23 148
21 153 23 156
21 157 23 160
21 161 23 164
21 165 23 168
21 169 24 171
21 177 23 180
21 181 23 184
21 185 23 188
21 189 23 192
21 196 23 199
21 200 23 203
21 204 23 207
21 208 23 211
21 212 23 214
21 218 23 221
21 222 23 225
21 226 23 229
21 236 23 239
22 34 24 36
22 59 25 61
22 99 24 102
22 149 24 152
22 172 24 175
21 193 24 195
22 230 24 233
21 240 24 241
22 242 24 245
22 246 24 249
23 46 25 49
21 70 26 71
23 72 26 74
23 93 25 96
23 125 25 128
23 215 25 217
24 0 26 3
24 5 26 8
24 9 26 12
22 13 27 14
24 15 26 18
24 19 26 22
24 23 26 26
24 29 26 32
24 39 26 42
24 43 26 45
24 53 26 56
24 62 26 65
24 66 26 69
24 75 26 78
24 79 26 82
24 83 26 86
24 88 26 91
24 103 26 106
24 107 26 110
24 111 26 114
24 115 26 118
24 120 26 123
24 129 26 132
24 133 26 136
24 137 26 140
24 141 26 144
24 145 26 148
24 153 26 156
24 159 26 162
24 163 26 166
24 176 26 179
24 180 26 183
24 184 26 187
24 188 26 191
24 197 26 200
24 204 26 207
24 208 26 211
24 212 26 214
24 218 26 221
24 222 26 225
24 226 26 229
24 234 26 237
25 34 27 37
25 50 27 52
21 92 30 92
23 97 28 98
25 99 27 102
25 149 27 152
25 167 27 170
25 171 27 174
25 192 27 195
25 230 27 233
25 240 27 243
25 244 27 247
24 27 29 28
26 46 28 49
24 57 29 58
26 59 28 61
26 93 28 96
26 124 28 127
24 157 29 158
24 238 29 239
25 248 28 249
27 2 29 5
27 6 29 9
27 10 29 12
27 15 29 18
27 20 29 23
27 24 29 26
27 29 29 32
27 38 29 41
27 42 29 45
27 53 29 56
27 62 29 65
27 67 29 70
27 71 29 74
27 75 29 78
27 82 29 85
27 86 29 89
27 104 29 107
27 108 29 111
27 112 29 115
27 116 29 119
27 120 29 123
27 130 29 133
27 135 29 138
27 139 29 142
27 143 29 146
27 153 29 156
27 159 29 162
27 163 29 166
27 175 29 178
27 179 29 182
27 183 29 186
27 187 29 190
27 196 29 199
27 200 29 203
27 204 29 207
27 208 29 211
27 212 29 215
27 216 29 219
27 221 29 224
27 225 29 228
27 235 30 237
27 0 30 1
28 33 30 36
28 50 30 52
27 79 30 81
28 99 30 102
28 147 30 150
28 167 30 170
28 171 30 174
28 191 30 194
28 229 30 232
28 240 30 243
28 244 30 247
29 46 31 49
29 59 32 61
27 90 32 91
29 93 31 96
29 125 31 128
28 151 31 152
30 2 32 5
30 9 32 12
30 13 32 16
30 17 32 20
30 21 32 24
30 30 33 32
30 37 32 40
30 41 32 44
30 53 32 56
30 62 32 65
30 66 32 69
30 70 32 73
30 74 32 77
30 82 32 85
30 86 32 89
30 103 32 106
30 107 32 110
30 111 32 114
30 116 32 119
30 120 32 123
30 129 32 132
30 133 32 136
30 137 32 140
30 141 32 144
30 153 32 156
30 157 32 160
30 163 32 166
30 175 32 178
30 179 32 182
30 183 32 186
30 187 32 190
30 195 32 198
30 199 32 202
30 203 32 206
30 207 32 210
30 211 32 214
30 215 32 218
30 219 32 222
30 223 32 226
28 233 33 234
31 33 33 36
31 50 34 52
30 57 33 58
31 78 33 81
29 97 34 98
31 99 33 102
31 145 33 148
31 167 33 170
31 171 33 174
31 192 34 194
31 227 33 230
31 235 33 238
31 239 33 242
31 243 33 246
31 247 33 249
31 25 34 27
30 28 35 29
32 46 34 49
32 92 34 95
32 124 34 127
32 149 34 152
30 161 35 162
31 231 34 232
31 0 36 1
33 7 35 10
33 11 35 14
33 15 35 18
33 19 35 22
33 37 35 40
33 41 35 44
33 53 35 56
33 59 35 62
33 63 35 66
33 69 35 72
33 73 35 76
33 82 35 85
33 86 35 89
33 105 35 108
33 109 35 112
33 113 35 116
33 117 35 120
33 121 35 123
33 128 35 131
33 132 35 135
33 136 35 139
33 140 35 143
33 153 35 156
33 157 35 160
33 163 35 166
33 175 35 178
33 179 35 182
33 183 35 186
33 187 35 190
33 195 35 198
33 200 35 203
33 204 35 207
33 209 35 212
33 213 35 216
33 217 35 220
33 221 35 224
34 30 36 33
34 34 37 36
34 77 36 80
34 144 36 147
34 167 36 170
34 171 36 174
31 191 38 191
34 225 36 228
34 233 36 236
34 237 36 240
34 241 36 244
34 245 36 248
34 2 37 4
33 5 38 6
33 23 38 24
35 25 38 27
35 45 37 48
35 49 37 52
33 67 38 68
33 90 38 91
35 92 37 95
35 96 37 99
35 124 37 127
35 148 37 151
34 229 37 230
36 9 38 12
36 13 38 16
36 17 38 20
36 37 38 40
36 41 38 44
36 53 38 56
34 57 39 58
36 59 38 62
36 63 38 66
36 69 38 72
36 73 38 76
36 85 38 88
35 100 38 102
34 103 39 104
36 105 38 108
36 109 38 112
36 114 38 117
36 118 38 121
36 128 38 131
36 132 38 135
36 136 38 139
36 140 38 143
36 152 38 155
36 156 38 159
36 160 38 163
36 164 38 166
36 175 38 178
36 179 38 182
36 183 38 186
36 187 38 190
36 193 38 196
36 197 38 200
36 201 38 204
36 205 38 208
36 209 38 212
36 213 38 216
36 217 38 220
36 21 39 22
36 28 39 29
37 30 39 33
37 77 39 80
36 81 39 83
37 144 39 147
37 169 39 172
36 221 39 223
37 224 39 227
35 231 40 232
37 233 39 236
37 237 39 240
37 241 39 244
37 245 39 248
38 0 40 3
36 7 41 8
38 45 40 48
38 49 40 52
38 92 40 95
38 96 40 99
36 122 41 123
38 124 40 127
38 148 40 151
38 228 41 230
34 249 43 249
39 4 42 6
39 9 41 12
39 13 41 16
39 17 41 20
39 23 41 26
39 35 41 38
39 41 41 44
39 53 41 56
39 59 41 62
39 64 41 67
39 68 41 71
39 74 42 76
39 84 41 87
39 88 41 91
39 105 41 108
39 109 41 112
39 113 41 116
39 118 41 121
39 128 41 131
39 132 41 135
39 136 41 139
39 140 41 143
39 152 41 155
39 156 41 159
39 160 41 163
39 164 41 167
37 173 42 174
39 175 41 178
39 179 41 182
39 183 41 186
39 187 41 190
39 191 41 194
39 195 41 198
39 199 41 202
39 203 41 206
39 213 41 216
39 217 41 220
40 27 42 30
40 31 42 34
40 77 42 80
40 81 42 83
40 101 42 104
40 144 42 147
40 168 42 171
39 210 42 212
40 221 42 224
40 225 43 227
40 233 42 236
40 237 42 240
40 241 42 244
40 245 42 248
41 0 43 3
40 21 43 22
41 45 43 48
41 49 43 52
39 72 44 73
41 92 43 95
41 96 43 99
41 124 43 127
41 148 43 151
40 207 43 209
42 7 44 10
42 11 44 14
42 15 44 18
42 23 44 26
42 35 44 38
42 39 44 42
42 53 44 56
40 57 45 58
42 59 44 62
42 63 44 66
42 67 44 70
42 84 44 87
42 88 44 91
42 105 44 108
42 109 44 112
42 113 44 116
42 118 44 121
42 128 44 131
42 132 44 135
42 136 44 139
42 140 44 143
42 152 44 155
42 156 44 159
42 160 44 163
42 164 44 167
42 176 44 179
42 183 44 186
42 187 44 190
42 191 44 194
42 195 44 198
42 199 44 202
42 203 44 206
42 213 44 216
42 217 44 220
42 228 44 231
43 4 45 6
43 27 45 30
43 31 45 34
43 74 45 77
43 78 45 81
43 100 45 103
39 117 48 117
43 144 45 147
43 168 45 171
43 172 45 175
43 210 46 212
43 221 45 224
43 232 45 235
43 240 45 243
43 244 45 247
44 0 46 3
42 19 47 20
42 43 47 44
44 45 46 48
44 49 46 52
44 92 46 95
44 96 46 99
42 122 47 123
44 124 46 127
44 148 46 151
44 207 46 209
44 225 46 227
45 7 47 10
45 11 47 14
45 15 47 18
45 21 47 24
45 36 47 39
45 40 48 42
45 53 47 56
45 61 47 64
45 65 47 68
45 69 47 72
43 82 48 83
45 84 47 87
45 88 47 91
45 105 47 108
45 109 47 112
45 113 47 116
45 118 47 121
45 128 47 131
45 132 47 135
45 136 47 139
45 140 47 143
45 153 47 156
45 157 47 160
45 161 47 164
45 165 48 167
44 180 47 182
45 183 47 186
45 187 47 190
45 191 47 194
45 196 47 199
45 201 47 204
45 213 47 216
45 218 48 220
45 228 47 231
46 4 48 6
46 25 48 28
46 29 48 32
46 33 48 35
46 57 48 60
46 73 48 76
46 77 48 80
46 100 48 103
46 144 48 147
46 168 48 171
46 172 48 175
45 176 48 178
46 221 48 224
46 232 48 235
45 237 48 239
46 240 48 243
46 245 48 248
47 0 49 3
47 46 49 49
47 50 49 52
47 92 49 95
47 96 49 99
43 104 52 104
47 124 49 127
47 148 49 151
45 205 50 206
47 207 49 210
47 225 50 227
48 7 50 10
48 11 50 14
48 15 50 18
48 21 50 24
48 36 50 39
48 43 51 45
48 63 50 66
48 68 50 71
48 84 50 87
48 88 50 91
48 105 50 108
48 109 50 112
48 118 50 121
48 128 50 131
48 132 50 135
48 136 50 139
48 140 50 143
48 152 50 155
48 156 50 159
48 160 50 163
48 179 50 182
48 183 50 186
48 187 50 190
48 191 50 194
48 195 50 198
48 199 50 202
47 211 50 212
48 213 50 216
48 228 50 231
43 236 54 236
49 4 51 6
49 26 51 29
49 30 51 33
49 40 51 42
49 55 51 58
49 59 51 62
49 72 51 75
49 76 51 79
49 80 51 83
48 113 51 115
49 145 52 147
49 164 51 167
49 168 51 171
49 172 51 175
49 176 52 178
49 217 51 220
49 221 51 224
49 232 51 235
49 238 51 241
49 243 51 246
49 247 51 249
50 0 52 3
50 46 52 49
50 50 52 53
50 92 52 95
50 96 52 99
48 122 53 123
50 124 52 127
50 148 52 151
48 203 53 204
51 7 53 10
51 11 53 14
51 15 53 18
49 19 54 20
51 21 53 24
49 34 54 35
51 36 53 39
51 63 53 66
51 67 53 70
51 88 53 91
51 105 53 108
51 109 53 112
49 116 54 117
51 118 53 121
51 128 53 131
51 132 53 135
51 138 53 141
51 142 53 144
51 154 53 157
51 160 53 163
51 179 53 182
51 183 53 186
51 191 53 194
51 195 53 198
51 199 53 202
51 205 53 208
51 209 53 212
51 213 53 216
51 225 53 228
51 229 53 231
52 4 54 6
52 25 54 28
52 29 54 32
52 40 54 43
52 54 54 57
52 58 54 61
52 71 54 74
52 75 54 78
52 80 54 83
51 84 54 86
52 164 54 167
52 168 54 171
52 172 54 175
52 217 54 220
52 221 54 224
52 233 55 235
52 240 54 243
52 244 54 247
53 0 55 3
52 44 55 45
53 46 55 49
53 50 55 53
53 92 55 95
53 96 55 99
52 100 55 102
53 124 55 127
51 136 56 137
53 146 55 149
53 176 55 178
54 7 56 10
54 11 56 14
54 21 56 24
54 36 56 39
54 63 56 66
54 67 56 70
54 87 56 90
53 103 56 104
54 105 56 108
54 109 56 112
53 113 56 115
54 118 56 121
54 128 56 131
54 133 57 135
54 138 56 141
54 142 56 145
53 151 56 153
54 154 56 157
52 158 57 159
54 160 56 163
54 179 56 182
54 183 56 186
53 187 56 189
54 190 56 193
54 194 56 197
54 198 56 201
54 204 56 207
54 210 56 213
54 225 56 228
54 229 56 232
52 248 57 249
55 4 57 6
55 17 57 20
55 25 57 28
55 29 57 32
55 33 58 35
55 40 57 43
55 54 57 57
55 58 57 61
55 74 57 77
55 78 57 81
55 82 57 85
55 164 57 167
55 168 57 171
55 172 57 175
55 216 57 219
55 220 57 223
55 236 57 239
55 240 57 243
55 244 57 247
56 0 58 3
54 15 59 16
56 44 58 47
56 49 58 52
55 71 58 73
56 91 58 94
56 95 58 98
56 99 58 102
55 116 58 117
54 122 59 123
56 124 58 127
56 146 58 149
56 176 58 178
54 202 59 203
54 214 59 215
56 233 59 235
57 7 59 10
57 11 59 14
57 21 59 24
57 36 59 39
57 62 59 65
57 66 59 69
57 86 59 89
57 103 59 106
57 107 59 110
57 111 59 114
57 118 59 121
57 128 59 131
57 136 59 139
57 140 59 143
57 150 59 153
57 154 59 157
57 160 59 163
57 179 59 182
57 183 59 186
57 187 59 190
57 191 59 194
57 195 59 198
57 199 60 201
57 205 59 208
57 209 59 212
57 226 59 229
58 4 60 6
58 17 60 20
58 25 60 28
58 29 60 32
58 40 60 43
58 55 60 58
58 59 61 61
58 74 60 77
58 78 60 81
58 82 60 85
58 132 60 135
58 166 60 169
58 170 60 173
58 217 60 220
58 221 60 224
58 236 60 239
58 240 60 243
58 244 60 247
59 0 61 3
59 33 61 35
59 45 61 48
59 49 61 52
58 53 61 54
59 70 61 73
59 90 61 93
59 94 61 97
59 98 61 101
59 124 61 127
57 144 62 145
59 146 61 149
58 158 61 159
59 174 61 177
58 230 61 232
58 248 61 249
60 7 62 10
60 11 62 14
60 21 62 24
60 37 63 39
60 62 62 65
60 66 62 69
60 86 62 89
60 102 62 105
60 106 62 109
60 110 62 113
60 128 62 131
60 136 62 139
60 140 62 143
60 150 62 153
60 154 62 157
60 161 62 164
60 178 62 181
60 182 62 185
60 186 62 189
60 190 62 193
60 194 62 197
60 202 62 205
60 206 62 209
60 210 62 213
60 214 62 216
60 225 62 228
60 233 62 235
61 15 63 18
61 25 63 28
61 30 64 32
61 40 63 43
61 55 63 58
61 74 63 77
61 78 63 81
61 82 63 85
61 133 64 135
61 167 63 170
61 198 63 201
61 217 63 220
61 221 63 224
61 236 63 239
61 240 63 243
61 244 63 247
62 0 64 3
61 19 64 20
62 33 64 36
62 44 64 47
62 48 64 51
62 59 64 61
62 70 64 73
62 90 64 93
62 94 64 97
62 98 64 101
61 114 64 116
61 117 64 119
62 122 64 125
62 146 64 149
62 158 64 160
62 172 64 175
62 229 64 232
63 5 65 8
63 9 65 12
63 21 65 24
63 62 65 65
63 66 65 69
63 86 65 89
63 102 65 105
63 106 65 109
63 110 65 113
61 120 66 121
63 126 65 129
63 130 66 132
63 136 65 139
63 140 65 143
63 150 65 153
63 155 66 157
63 161 65 164
61 165 66 166
63 177 65 180
63 182 65 185
63 186 65 189
63 190 65 193
63 194 65 197
63 204 65 207
63 208 65 211
63 212 65 215
63 225 65 228
63 233 65 235
62 248 65 249
64 25 66 28
61 29 68 29
64 37 66 40
64 53 66 56
64 74 66 77
64 82 66 85
64 167 66 170
64 199 66 202
64 216 66 219
64 220 66 223
64 239 66 242
64 243 66 246
65 0 67 3
65 17 67 20
65 30 67 33
65 34 67 36
65 42 67 45
65 46 67 49
65 50 67 52
65 57 67 60
65 70 67 73
65 90 67 93
65 94 67 97
65 98 67 101
65 114 67 117
65 122 67 125
65 133 68 135
63 144 68 145
65 146 67 149
65 171 67 174
65 229 67 232
66 5 68 8
66 9 68 12
65 13 68 15
66 21 68 24
66 61 68 64
66 66 68 69
65 78 68 80
66 86 68 89
66 102 68 105
66 106 68 109
66 110 68 113
66 126 68 129
66 136 68 139
66 140 68 143
66 150 68 153
66 159 68 162
65 175 68 176
66 177 68 180
66 181 68 184
66 186 68 189
66 190 68 193
66 194 68 197
66 203 68 206
66 207 68 210
66 211 68 214
66 224 68 227
66 235 68 238
66 247 68 249
62 4 73 4
67 25 69 28
67 38 69 41
67 53 69 56
67 74 69 77
67 81 69 84
65 118 70 119
67 130 69 132
67 154 69 157
66 163 69 164
67 166 69 169
67 198 69 201
67 215 69 218
67 219 69 222
66 233 69 234
67 239 69 242
67 243 69 246
68 0 70 3
68 16 70 19
68 30 70 33
68 34 70 37
68 42 70 45
68 46 70 49
68 57 70 60
68 70 70 73
68 90 70 93
68 94 70 97
68 98 70 101
68 114 70 117
67 120 70 121
68 146 70 149
65 158 72 158
68 170 70 173
68 228 70 231
69 5 71 8
69 9 71 12
69 13 72 15
69 20 71 23
69 61 71 64
69 65 71 68
69 78 72 80
69 86 71 89
69 105 71 108
69 109 71 112
68 122 71 124
69 125 71 128
69 133 71 136
69 137 71 140
69 141 71 144
69 150 71 153
69 159 71 162
69 174 71 177
69 179 71 182
69 186 71 189
69 191 71 194
69 195 72 197
69 202 71 205
69 206 71 209
69 210 71 213
69 223 71 226
69 235 71 238
69 247 71 249
70 24 72 27
70 38 72 41
69 50 72 52
70 53 72 56
70 74 72 77
70 81 72 84
69 102 72 104
70 129 72 132
70 163 72 166
70 167 72 169
69 183 72 185
70 198 72 201
70 214 72 217
70 218 72 221
70 239 72 242
70 243 72 246
71 1 74 3
71 16 73 19
71 31 73 34
71 35 73 37
71 42 73 45
71 46 73 49
71 57 73 60
71 70 73 73
67 85 76 85
71 90 73 93
71 95 73 98
71 99 73 101
71 113 73 116
71 117 73 120
71 145 73 148
71 170 73 173
71 227 73 230
72 5 74 8
72 9 74 12
72 20 74 23
72 61 74 64
72 65 74 68
69 69 76 69
72 87 75 89
72 105 74 108
72 109 74 112
72 121 74 124
72 125 74 128
72 133 74 136
72 137 74 140
72 141 74 144
72 149 74 152
72 159 74 162
72 174 74 177
72 178 74 181
72 186 74 189
72 190 74 193
72 202 74 205
72 206 74 209
72 210 74 213
72 222 74 225
72 233 74 236
72 247 74 249
73 13 76 15
73 24 75 27
73 38 75 41
73 50 75 53
73 54 75 56
73 74 75 77
73 78 75 81
73 82 75 84
73 102 76 104
73 129 75 132
72 154 74 157
73 163 75 166
73 167 76 169
73 182 75 185
73 194 75 197
73 215 75 218
73 219 76 221
71 231 76 232
72 237 75 238
73 240 75 243
73 244 75 246
74 16 76 19
74 30 76 33
74 34 76 37
74 42 76 45
74 46 76 49
74 57 76 60
74 71 77 73
74 90 76 93
74 94 76 97
74 98 76 101
74 113 76 116
74 145 76 148
74 170 76 173
73 198 76 200
74 226 76 229
75 0 77 3
75 4 77 7
75 8 77 11
75 20 77 23
73 28 78 29
75 62 77 65
75 66 77 68
72 86 79 86
75 105 77 108
75 109 77 112
75 121 77 124
75 125 77 128
75 133 77 136
75 139 77 142
75 149 77 152
75 158 77 161
75 174 77 177
75 178 77 181
75 186 77 189
75 191 78 193
75 201 77 204
75 206 77 209
75 210 77 213
75 233 77 236
75 247 78 249
76 24 78 27
76 38 78 41
76 50 78 53
76 54 79 56
76 74 78 77
76 78 78 81
76 82 79 84
76 129 78 132
75 137 78 138
76 162 78 165
76 182 78 185
76 194 78 197
76 214 78 217
75 222 78 224
76 237 78 240
76 241 78 244
77 12 79 15
77 16 79 19
77 30 79 33
77 34 79 37
77 42 79 45
77 46 79 49
77 57 79 60
77 88 79 91
77 92 79 95
77 96 79 99
77 101 79 104
77 116 79 119
75 143 80 144
76 153 79 155
75 156 80 157
77 166 79 169
77 171 80 173
77 198 80 200
77 218 79 221
77 225 79 228
77 229 79 232
78 0 80 3
78 4 80 7
78 20 80 23
78 61 80 64
78 65 80 68
78 71 81 73
78 105 80 108
78 109 80 112
78 122 80 125
78 126 81 128
78 133 80 136
78 139 80 142
77 145 80 147
78 150 81 152
78 158 80 161
78 174 80 177
78 178 80 181
78 186 80 189
75 190 82 190
78 201 80 204
78 205 80 208
78 209 80 212
78 233 80 236
76 245 81 246
78 8 81 10
79 24 81 27
79 38 81 41
79 50 81 53
79 74 81 77
79 78 81 81
78 113 81 115
79 129 81 132
79 163 82 165
79 182 81 185
79 191 81 194
79 214 81 217
79 222 82 224
79 237 81 240
79 241 81 244
79 247 82 249
80 11 82 14
80 16 82 19
80 28 82 31
80 33 82 36
80 42 82 45
80 46 82 49
80 54 82 57
80 58 82 60
80 82 82 85
80 87 82 90
80 91 82 94
80 95 82 98
80 100 82 103
80 116 82 119
79 137 82 138
78 148 83 149
80 153 83 155
80 166 82 169
80 219 83 221
80 225 82 228
80 229 82 232
81 0 83 3
81 4 83 7
81 20 83 23
81 61 83 64
81 65 83 68
79 69 84 70
81 104 83 107
81 110 84 112
81 120 83 123
81 133 83 136
81 139 83 142
81 143 83 146
81 156 83 159
81 170 83 173
81 174 83 177
81 186 83 189
81 196 83 199
81 200 83 203
81 204 83 207
81 208 83 211
81 233 83 236
82 8 85 10
82 24 84 27
82 37 84 40
82 50 84 53
82 71 84 74
82 75 84 78
82 79 84 81
82 113 85 115
82 124 84 127
82 128 84 131
82 150 85 152
81 178 84 180
82 181 84 184
82 191 84 194
82 212 84 215
82 216 84 218
82 237 84 240
82 243 84 246
83 14 85 17
83 28 85 31
83 32 85 35
83 45 85 48
83 54 85 57
83 82 85 85
83 86 85 89
83 90 85 93
83 95 85 98
83 100 85 103
81 108 86 109
83 117 86 119
82 160 85 162
83 163 85 166
83 167 86 169
83 224 85 227
83 228 85 231
83 247 85 249
84 0 86 3
84 5 87 7
84 18 86 21
83 41 86 43
84 59 86 62
84 63 86 66
80 99 89 99
84 104 86 107
84 120 86 123
84 132 86 135
84 136 86 139
84 140 86 143
84 145 86 148
84 153 86 156
84 170 86 173
84 175 87 177
84 186 86 189
84 195 86 198
84 201 86 204
84 205 86 208
84 209 86 211
84 219 86 222
84 232 86 235
82 241 87 242
85 22 87 25
85 36 87 39
85 49 87 52
85 67 87 70
85 71 87 74
85 75 87 78
85 110 88 112
85 125 87 128
85 129 87 131
85 178 87 181
85 182 87 185
85 190 87 193
85 212 87 215
85 216 88 218
85 236 87 239
85 243 87 246
86 8 88 11
84 12 89 13
86 14 88 17
86 26 88 29
86 32 88 35
86 44 88 47
86 53 88 56
86 80 88 83
86 84 88 87
86 88 88 91
86 92 88 95
86 96 88 98
86 100 88 103
86 113 88 116
85 157 88 159
86 161 88 164
84 199 89 200
86 223 88 226
86 227 88 230
86 247 89 249
87 0 89 3
87 18 89 21
87 40 89 43
86 57 89 58
87 59 89 62
87 63 89 66
87 104 89 107
87 117 89 120
87 121 89 124
87 132 89 135
87 136 89 139
87 140 89 143
87 144 89 147
87 151 89 154
87 165 89 168
87 169 89 172
87 186 89 189
87 195 89 198
87 202 89 205
87 206 89 209
87 219 89 222
87 231 89 234
88 5 91 7
88 23 91 25
86 30 91 31
88 36 90 39
88 48 90 51
88 69 90 72
88 73 90 76
88 77 90 79
88 125 90 128
88 129 90 131
87 148 90 150
87 155 90 156
88 173 90 176
88 177 90 180
88 181 90 184
88 190 90 193
88 210 90 213
88 235 90 238
88 239 90 242
88 244 91 246
84 4 95 4
89 8 91 11
89 15 92 17
89 26 91 29
89 32 91 35
89 44 91 47
89 53 91 56
89 80 91 83
89 84 91 87
89 88 91 91
89 92 91 95
89 96 91 98
87 108 92 109
89 110 91 113
89 157 91 160
89 161 91 164
85 194 94 194
89 214 91 217
89 226 91 229
90 0 92 3
90 18 92 21
90 40 92 43
90 57 92 60
90 61 92 64
90 65 92 68
90 102 92 105
90 115 92 118
90 119 92 122
90 132 92 135
90 136 92 139
90 140 92 143
90 144 92 147
90 151 92 154
90 165 92 168
90 169 92 172
90 185 92 188
90 195 92 198
90 199 92 202
90 203 92 206
90 218 92 221
90 230 92 233
90 247 92 249
91 36 93 39
91 48 93 51
91 69 93 72
91 73 93 76
91 77 94 79
90 99 93 101
90 123 93 124
91 125 93 128
91 129 93 131
91 148 93 150
91 173 93 176
91 177 93 180
91 181 93 184
91 189 93 192
91 208 93 211
91 235 93 238
91 239 93 242
92 5 94 8
92 9 94 12
92 22 94 25
92 26 94 29
92 30 94 33
92 44 94 47
92 52 94 55
92 80 94 83
92 84 94 87
92 88 94 91
92 95 94 98
90 106 95 107
92 110 94 113
92 155 94 158
92 159 94 162
91 212 94 213
92 214 94 217
91 222 94 224
92 225 94 228
92 243 94 246
93 0 95 3
91 13 96 14
93 15 95 18
93 19 95 21
93 40 95 43
93 56 95 59
93 60 95 63
93 64 95 67
93 102 95 105
93 114 95 117
93 120 96 122
93 132 95 135
93 136 95 139
93 140 95 143
93 144 95 147
93 151 95 154
93 163 95 166
93 167 95 170
93 185 95 188
93 195 95 198
93 199 95 202
93 203 95 206
93 229 95 232
93 247 95 249
92 34 97 35
94 36 96 39
94 48 96 51
94 68 96 71
94 72 96 75
94 123 96 126
94 127 96 130
94 148 96 150
94 171 96 174
94 175 96 178
94 179 96 182
94 189 96 192
91 193 98 193
94 207 96 210
93 233 96 234
94 235 96 238
94 239 96 242
95 6 97 9
95 10 98 12
95 22 97 25
95 26 97 29
95 31 98 33
95 44 97 47
95 52 97 55
95 76 97 79
95 80 97 83
95 85 97 88
95 89 97 92
93 93 98 94
95 95 97 98
93 108 98 109
95 110 97 113
93 118 98 119
95 155 97 158
95 159 97 162
95 211 97 214
95 215 97 218
95 220 97 223
95 224 97 227
95 243 97 246
96 0 98 3
96 15 98 18
96 40 98 43
96 56 98 59
96 60 98 63
96 64 98 67
95 99 98 101
96 102 98 105
96 131 98 134
96 135 98 138
96 139 98 142
96 143 98 146
96 151 98 154
96 164 98 167
96 168 99 170
94 183 99 184
96 185 98 188
96 194 98 197
96 198 98 201
96 203 98 206
96 228 98 231
96 247 98 249
97 36 99 39
97 48 99 51
97 71 99 74
97 120 99 123
97 124 99 127
97 147 99 150
97 171 99 174
97 175 99 178
97 189 99 192
97 207 99 210
93 219 102 219
97 232 99 235
97 236 99 239
97 240 100 242
98 4 100 7
97 13 100 14
97 19 100 21
98 23 100 26
98 27 100 30
98 44 100 47
98 52 100 55
97 68 100 70
98 75 100 78
98 79 100 82
98 83 100 86
98 87 100 90
98 95 100 98
96 106 101 107
98 110 100 113
98 155 100 158
98 159 100 162
97 179 100 181
98 211 100 214
98 215 100 218
98 224 100 227
98 243 100 246
99 0 101 3
99 8 101 11
99 31 101 34
99 41 102 43
99 56 101 59
99 60 101 63
99 64 101 67
99 91 101 94
99 99 101 102
99 103 101 105
98 115 101 117
98 128 101 130
99 131 101 134
99 135 101 138
99 139 101 142
99 143 101 146
99 151 101 154
99 163 101 166
99 185 101 188
99 193 101 196
99 197 101 200
99 201 101 204
99 228 101 231
99 247 102 249
99 15 102 17
100 35 102 38
99 118 102 119
100 120 102 123
100 124 102 127
100 147 102 150
100 167 102 170
100 171 102 174
100 175 102 178
100 182 103 184
100 189 102 192
100 208 103 210
99 220 102 222
100 232 102 235
100 236 102 239
101 4 103 7
101 12 103 14
101 19 103 22
101 23 103 26
101 27 103 30
101 44 103 47
100 48 103 50
101 51 103 54
101 73 103 76
101 77 103 80
101 84 103 87
101 88 103 90
101 95 103 98
99 108 104 109
101 110 103 113
101 155 103 158
101 159 103 162
101 179 103 181
100 205 103 207
101 211 103 214
101 215 103 218
101 223 103 226
101 240 103 243
101 244 103 246
102 0 104 3
102 8 104 11
102 31 104 34
100 39 105 40
102 55 104 58
102 59 104 62
102 63 104 66
101 81 104 83
102 91 104 94
102 99 104 102
102 104 104 107
102 115 105 117
102 128 104 131
102 132 104 135
102 136 104 139
102 140 104 143
102 144 105 146
102 151 104 154
102 186 105 188
102 193 104 196
102 197 104 200
102 201 104 204
102 227 104 230
103 16 106 18
103 35 105 38
103 41 105 43
102 70 105 72
103 118 105 121
103 122 105 125
103 147 105 150
103 165 105 168
103 169 105 172
103 173 105 176
103 189 105 192
103 219 105 222
103 231 105 234
103 235 105 238
103 247 105 249
104 12 106 15
104 19 106 22
104 24 106 27
104 28 106 30
104 44 106 47
104 48 106 51
104 52 107 54
103 67 106 69
104 74 106 77
104 78 106 80
104 84 106 87
104 88 106 90
104 95 106 98
104 110 106 113
104 155 106 158
104 160 106 163
103 177 106 178
104 179 106 182
104 183 106 185
104 205 106 208
104 209 106 212
104 223 106 226
104 239 106 242
104 243 106 246
105 0 107 3
105 6 107 9
105 31 107 34
105 55 107 58
105 59 107 62
105 63 107 66
105 81 108 83
105 91 107 94
105 99 107 102
105 103 107 106
103 126 108 127
105 128 107 131
105 132 107 135
105 136 107 139
105 140 107 143
105 151 107 154
105 193 107 196
105 197 107 200
105 201 107 204
104 213 107 215
105 227 107 230
104 4 109 5
106 35 108 38
106 40 108 43
106 70 108 73
106 114 108 117
106 118 108 121
106 122 108 125
106 144 108 147
106 164 108 167
106 168 108 171
106 173 108 176
106 186 108 189
106 190 108 192
106 217 108 220
106 231 108 234
106 235 108 238
107 10 109 13
107 17 109 20
107 21 109 24
107 25 109 28
107 44 109 47
107 48 109 51
107 67 109 69
107 74 109 77
107 78 109 80
107 84 109 87
107 88 109 90
107 95 109 98
106 107 109 109
107 110 109 113
107 155 109 158
107 159 109 162
107 177 109 180
107 181 109 184
107 205 109 208
107 209 109 212
106 221 109 222
107 223 109 226
107 239 109 242
107 243 109 246
108 0 110 3
108 6 110 9
107 14 110 16
108 29 110 32
108 52 110 55
108 56 110 59
108 60 110 63
108 92 111 94
108 99 110 102
108 104 111 106
108 128 110 131
108 132 110 135
108 136 110 139
108 140 110 143
107 148 110 150
108 151 110 154
108 193 110 196
108 197 110 200
108 201 110 204
108 213 110 216
108 227 110 230
108 33 111 34
109 37 111 40
109 41 111 43
109 70 111 73
109 81 111 83
109 114 111 117
109 118 111 121
109 122 111 125
109 163 111 166
109 167 111 170
109 172 111 175
109 185 111 188
109 189 111 192
109 217 111 220
109 232 111 235
110 17 112 20
110 21 112 24
110 25 112 28
110 44 112 47
110 48 112 51
109 64 112 66
110 67 112 69
110 74 112 77
110 78 112 80
110 84 112 87
110 95 112 98
110 107 112 110
110 111 112 113
110 155 112 158
110 159 112 162
110 177 112 180
110 181 112 184
110 206 112 209
110 210 112 212
110 221 112 224
110 238 112 241
110 242 112 245
110 246 112 249
111 0 113 3
111 4 113 7
111 8 113 11
111 13 113 16
111 30 114 32
111 52 113 55
111 56 113 59
111 60 113 63
110 88 113 90
111 99 113 102
109 126 114 127
111 128 113 131
111 132 113 135
111 136 113 139
111 141 113 144
110 145 113 147
111 148 113 151
111 152 113 154
111 193 113 196
111 198 113 201
111 202 113 205
111 213 113 216
111 225 113 228
111 229 113 231
109 236 114 237
112 33 114 36
112 37 114 40
112 41 115 43
112 70 114 73
112 81 115 83
112 91 114 94
112 103 114 106
112 114 114 117
112 118 114 121
112 122 114 125
112 163 114 166
112 167 114 170
112 171 114 174
112 185 114 188
112 217 114 220
112 233 115 235
113 17 115 20
113 21 115 24
113 25 115 28
113 65 115 68
113 74 115 77
113 78 115 80
113 84 115 87
113 95 115 98
113 109 115 112
113 155 115 158
113 159 115 162
113 175 115 178
113 179 115 182
112 189 115 191
113 206 115 209
113 210 115 212
113 222 116 224
113 238 115 241
113 242 115 245
113 246 115 249
114 0 116 3
114 4 116 7
114 8 116 11
114 13 116 16
113 44 116 46
114 50 116 53
114 54 116 57
114 58 116 61
114 62 116 64
114 88 116 90
114 99 116 102
113 107 116 108
114 128 116 131
114 132 116 135
114 136 116 139
114 140 116 143
114 144 116 147
114 148 116 151
114 152 116 154
113 183 116 184
114 192 116 195
114 196 116 199
114 200 116 203
114 225 116 228
114 229 116 232
115 29 117 32
115 33 117 36
115 37 117 40
115 69 117 72
115 91 117 94
115 103 117 106
115 113 117 116
115 118 117 121
115 122 117 125
115 164 117 167
115 185 117 188
115 216 117 219
116 17 118 20
116 21 118 24
116 25 118 28
116 41 118 43
115 47 118 49
116 65 118 68
116 73 118 76
116 77 118 80
116 81 118 84
116 85 118 87
116 95 118 98
116 110 119 112
115 126 118 127
116 155 118 158
116 159 118 162
115 168 118 170
115 171 118 173
116 174 118 177
116 180 119 182
116 189 119 191
114 204 119 205
116 206 118 209
116 210 118 213
115 220 118 221
116 233 118 236
116 237 118 240
116 243 118 246
116 247 118 249
117 0 119 3
117 4 119 7
117 8 119 11
117 12 119 15
117 44 119 46
117 50 119 53
117 54 119 57
117 59 119 62
117 88 119 90
117 99 119 102
117 107 119 109
117 128 119 131
117 132 119 135
117 136 119 139
117 140 119 143
117 144 119 147
117 148 119 151
117 152 119 154
117 194 119 197
117 198 119 201
115 214 120 215
117 222 119 225
117 226 119 229
117 230 119 232
118 29 120 32
118 33 120 36
118 37 120 40
118 91 120 94
118 103 120 106
118 116 120 119
118 120 120 123
118 163 120 166
116 178 121 179
118 183 120 186
117 192 120 193
118 216 120 219
116 241 121 242
119 16 121 19
119 20 121 23
119 24 121 27
117 63 122 64
119 66 121 69
119 71 121 74
119 75 121 78
119 79 121 82
119 83 121 86
119 95 121 98
118 124 121 125
119 155 121 158
119 159 121 162
119 172 121 175
117 202 122 203
119 207 121 210
119 211 122 213
119 233 121 236
119 237 121 240
119 243 121 246
119 247 121 249
120 0 122 3
120 4 122 7
120 8 122 11
120 12 122 15
120 42 122 45
120 46 122 49
120 50 122 53
120 54 122 57
120 58 122 61
120 87 122 90
120 99 122 102
120 107 122 110
120 111 122 114
120 126 122 129
120 133 122 136
120 137 122 140
120 141 122 144
120 145 122 148
120 149 122 152
120 180 122 182
120 188 122 191
120 194 122 197
120 198 122 201
120 204 122 206
120 220 122 223
120 224 122 227
120 228 122 231
121 28 123 31
121 36 123 39
121 91 123 94
121 104 124 106
121 115 123 118
121 119 123 122
120 153 123 154
121 164 123 167
120 168 123 170
119 176 124 177
121 183 123 186
121 214 123 217
122 16 124 19
122 24 124 27
122 65 124 68
122 69 124 72
122 73 124 76
122 77 124 80
122 81 124 84
122 95 124 98
122 123 125 125
122 155 124 158
122 159 124 162
122 171 124 174
118 187 127 187
122 207 124 210
121 218 124 219
122 232 124 235
122 236 124 239
122 240 124 243
122 244 124 247
123 0 125 3
123 4 125 7
123 8 125 11
123 12 125 15
121 40 126 41
123 42 125 45
123 46 125 49
123 51 125 54
123 56 125 59
123 60 125 63
123 87 125 90
123 100 125 103
123 107 125 110
123 111 125 114
123 129 125 132
123 133 125 136
123 138 125 141
123 142 125 145
123 146 125 149
123 150 126 152
122 178 125 179
123 180 125 182
123 188 125 191
121 192 126 193
123 194 125 197
123 198 125 201
123 202 125 205
123 211 126 213
123 220 125 223
123 224 125 227
123 228 125 231
124 30 126 33
122 34 127 35
124 36 126 39
122 85 127 86
124 91 126 94
124 118 126 121
124 163 126 166
124 167 126 170
124 183 126 186
124 214 126 217
122 248 127 249
125 16 127 19
124 20 127 22
125 23 127 26
125 27 127 29
125 64 127 67
125 68 127 71
125 72 127 75
125 79 127 82
125 95 127 98
125 104 128 106
125 153 127 156
125 157 127 160
125 171 127 174
125 175 127 177
125 206 127 209
125 232 127 235
125 236 127 239
125 240 127 243
125 244 127 247
126 0 128 3
126 4 128 7
126 8 128 11
126 12 128 15
126 42 128 45
126 46 128 49
126 50 128 53
126 54 128 57
126 58 128 61
126 87 128 90
126 99 128 102
126 107 128 110
126 111 128 114
125 115 128 117
126 122 128 125
126 127 128 130
126 134 128 137
126 138 128 141
126 142 128 145
126 146 128 149
125 161 128 162
126 178 128 181
126 188 128 191
126 194 128 197
126 198 128 201
126 202 128 205
125 218 128 219
126 220 128 223
126 224 128 227
126 228 128 231
127 37 129 40
126 62 129 63
126 76 129 78
127 91 129 94
127 118 129 121
123 126 132 126
126 131 129 133
127 150 130 152
127 163 129 166
127 167 129 170
127 182 129 185
127 210 129 213
127 214 129 217
128 16 130 19
128 25 130 28
128 32 130 35
128 64 130 67
128 68 130 71
128 72 130 75
128 79 130 82
126 83 131 84
128 95 130 98
128 153 130 156
128 157 130 160
128 171 130 174
128 175 131 177
127 192 130 193
128 206 130 209
128 232 130 235
128 236 130 239
128 240 130 243
128 244 130 247
129 0 131 3
129 5 131 8
129 9 131 12
128 29 131 31
129 41 131 44
129 45 131 48
129 49 131 52
129 53 131 56
129 57 131 60
128 85 131 86
129 87 131 90
129 99 131 102
129 103 131 106
129 107 131 110
129 111 131 114
129 115 131 117
129 122 131 125
129 127 131 130
129 134 131 137
129 138 131 141
129 142 131 145
129 178 131 181
129 186 131 189
129 194 131 197
129 198 131 201
129 202 131 205
129 218 131 221
129 222 131 225
129 21 131 24
130 36 132 39
130 61 132 63
130 76 132 78
130 91 132 94
130 118 132 121
129 146 132 148
129 161 132 162
130 167 132 170
130 182 132 185
130 211 132 214
130 215 132 217
129 226 132 228
128 248 133 249
130 13 133 15
131 16 133 19
131 25 133 28
131 32 133 35
131 64 133 67
131 68 133 71
131 72 133 75
131 95 133 98
131 149 133 152
131 153 133 156
131 157 133 160
130 163 133 165
131 171 133 174
129 190 134 191
131 206 133 209
131 230 133 233
131 237 133 240
131 241 133 244
131 245 134 247
132 0 134 3
132 4 134 7
132 8 134 11
132 20 134 23
132 29 135 31
132 40 134 43
132 44 134 47
132 48 134 51
132 54 134 57
132 58 135 60
131 79 134 81
132 82 134 85
132 86 134 89
132 99 134 102
132 103 134 106
132 107 134 110
132 111 134 114
132 122 134 125
132 127 134 130
132 134 134 137
132 138 134 141
132 142 134 145
132 175 134 178
132 179 135 181
132 186 134 189
132 195 134 198
132 199 134 202
132 218 134 221
132 222 134 225
131 234 134 236
133 36 135 39
133 61 135 63
133 76 136 78
133 90 135 93
133 117 135 120
132 131 135 133
133 146 136 148
133 166 135 169
133 210 135 213
133 215 136 217
133 226 135 229
134 12 136 15
134 16 136 19
134 24 136 27
134 32 136 35
132 52 137 53
134 67 136 70
134 71 136 74
134 94 136 97
132 115 137 116
134 149 136 152
134 153 136 156
134 157 136 160
134 161 136 164
134 171 136 174
133 192 136 194
133 203 136 205
134 206 136 209
134 230 136 233
134 237 136 240
134 241 136 244
135 0 137 3
135 4 137 7
135 8 137 11
135 40 137 43
135 44 137 47
135 49 138 51
135 54 137 57
135 79 137 82
135 83 137 86
135 87 137 89
135 98 137 101
135 102 137 105
135 106 137 109
135 122 137 125
135 134 137 137
135 138 137 141
135 175 137 178
135 184 137 187
135 188 137 191
135 196 137 199
135 200 137 202
135 218 137 221
135 222 137 225
135 234 137 236
135 245 137 248
135 20 138 22
136 28 138 31
136 36 138 39
136 58 138 61
136 62 138 65
136 91 139 93
136 117 138 120
133 121 140 121
136 129 138 132
135 142 138 144
136 165 138 168
134 182 139 183
136 210 138 213
136 226 138 229
137 12 139 15
137 16 139 19
137 23 139 26
137 33 140 35
137 66 139 69
137 70 139 73
137 74 139 77
137 94 139 97
136 110 139 112
135 113 140 114
137 145 139 148
137 149 139 152
137 157 139 160
137 161 139 164
137 169 139 172
136 179 139 181
137 193 140 195
137 203 139 206
137 207 139 209
137 214 139 217
137 230 139 233
137 237 139 240
137 242 140 244
138 0 140 3
138 4 140 7
138 8 140 11
138 40 140 43
138 44 140 47
135 48 142 48
138 78 140 81
138 82 140 85
138 86 140 89
138 103 140 106
138 107 140 109
138 122 140 125
137 126 140 128
138 133 140 136
138 137 140 140
137 153 140 155
138 173 140 176
138 184 140 187
138 188 140 191
138 196 140 199
138 200 140 202
138 218 140 221
138 222 140 225
138 234 141 236
138 245 140 248
134 249 143 249
139 20 142 22
139 27 141 30
139 36 141 39
139 51 141 54
139 56 141 59
139 60 141 63
138 100 141 102
139 115 141 118
139 129 141 132
139 141 141 144
139 165 141 168
139 210 141 213
139 226 141 229
140 12 142 15
140 17 143 19
140 23 142 26
140 64 142 67
140 68 142 71
140 72 142 75
140 90 142 93
140 94 142 97
138 98 143 99
140 110 142 112
139 119 142 120
140 145 142 148
140 149 142 152
140 156 142 159
140 160 142 163
140 169 142 172
138 177 143 178
140 179 142 182
137 192 144 192
140 203 142 206
140 207 142 209
140 214 142 217
140 230 142 233
140 237 142 240
141 0 143 3
141 4 143 7
141 8 143 11
139 31 144 32
141 33 144 35
141 40 143 43
141 44 143 47
139 49 144 50
138 55 145 55
141 76 143 79
141 81 143 84
141 85 143 88
141 103 143 106
141 107 144 109
141 121 143 124
141 125 143 128
141 134 143 137
141 138 143 140
141 153 144 155
141 173 143 176
141 183 143 186
141 187 143 190
141 195 143 198
141 199 143 202
141 218 143 221
141 222 143 225
141 241 143 244
141 245 143 248
142 27 144 30
142 51 144 54
142 57 144 60
142 61 144 63
142 100 145 102
142 113 144 116
142 129 144 132
142 141 144 144
142 164 144 167
142 226 144 229
142 234 145 236
143 12 145 15
140 16 147 16
143 20 145 23
143 24 146 26
142 36 145 38
143 64 145 67
143 68 145 71
143 72 145 75
143 89 145 92
143 93 145 96
143 110 146 112
143 118 146 120
143 145 145 148
143 149 145 152
143 157 145 160
143 161 145 163
143 168 145 171
143 179 145 182
141 193 146 194
143 204 145 207
143 212 145 215
143 237 145 240
144 0 146 3
144 6 146 9
144 17 146 19
144 39 146 42
144 43 146 46
144 77 146 80
144 81 146 84
144 85 146 88
144 97 147 99
144 103 146 106
144 125 146 128
144 133 146 136
144 137 146 140
144 172 146 175
144 176 147 178
144 183 146 186
144 187 146 190
144 195 146 198
144 199 146 202
143 216 146 217
144 219 146 222
144 223 146 225
144 241 146 244
144 245 146 248
145 27 147 30
145 31 147 34
144 47 147 48
145 49 147 52
145 56 147 59
145 60 147 63
145 107 147 109
145 114 147 117
144 122 147 124
145 129 147 132
145 141 147 144
145 164 147 167
144 208 147 210
145 226 147 229
144 230 147 232
144 4 149 5
144 10 149 11
146 12 148 15
146 20 148 23
146 35 148 38
146 53 148 55
146 64 148 67
146 68 148 71
146 72 148 75
146 91 148 94
146 100 149 102
146 145 148 148
146 149 148 152
145 153 148 155
146 156 148 159
146 160 148 163
146 179 148 182
146 211 148 214
146 233 148 236
146 237 148 240
147 0 149 3
147 7 150 9
147 24 149 26
147 41 149 44
147 76 149 79
147 80 149 83
147 87 149 90
147 103 149 106
147 110 149 113
147 118 149 121
147 125 149 128
147 133 149 136
147 137 149 140
146 168 149 170
147 171 149 174
147 183 149 186
147 187 149 190
145 191 150 192
147 193 149 196
147 197 149 200
147 201 149 204
147 215 149 218
147 219 149 222
147 223 149 225
147 245 149 248
148 28 150 31
148 32 150 34
148 45 150 48
148 49 150 52
148 56 150 59
148 60 150 63
146 95 151 96
148 97 151 99
148 107 150 109
148 114 150 117
148 122 150 124
148 129 150 132
148 141 150 144
148 164 150 167
148 175 150 178
148 207 150 210
148 226 150 229
148 230 150 232
149 12 151 15
148 16 151 18
149 19 151 22
149 35 151 38
147 39 152 40
149 53 152 55
149 64 151 67
149 68 151 71
149 73 152 75
148 84 151 86
149 91 151 94
149 145 151 148
149 151 151 154
149 155 151 158
149 159 151 162
149 179 151 182
149 211 151 214
149 233 151 236
149 237 151 240
148 241 151 243
144 249 155 249
150 0 152 3
150 4 152 6
150 23 152 26
150 41 152 44
150 76 152 79
150 80 152 83
150 87 152 90
150 100 152 103
150 104 153 106
150 110 152 113
150 118 152 121
150 125 152 128
150 133 152 136
150 137 152 140
150 168 152 171
150 172 152 174
150 183 152 186
150 187 152 190
150 193 152 196
150 198 152 201
150 202 152 205
150 215 152 218
150 219 152 222
150 244 152 247
151 7 153 10
151 27 153 30
151 31 153 34
151 45 153 48
151 49 153 52
151 57 153 60
151 61 154 63
151 107 153 109
151 114 153 117
151 122 153 124
151 129 153 132
151 142 154 144
149 149 154 150
151 163 153 166
151 175 153 178
151 206 153 209
151 224 153 227
151 230 154 232
152 11 154 14
152 15 154 18
152 19 154 22
152 35 154 38
152 64 154 67
152 68 154 71
149 72 156 72
152 84 155 86
152 91 154 94
152 95 154 98
152 145 154 148
152 151 154 154
152 155 154 158
152 159 154 162
152 179 154 182
152 210 154 213
152 233 154 236
152 237 154 240
152 241 155 243
153 0 155 3
153 4 155 6
153 23 155 26
153 39 155 42
153 53 155 56
153 77 155 80
153 81 155 83
153 87 155 90
153 99 155 102
153 110 155 113
153 118 155 121
153 125 155 128
153 133 155 136
153 137 155 140
153 167 155 170
153 171 155 174
153 183 155 186
153 187 155 190
151 191 156 192
153 193 155 196
153 197 155 200
153 201 155 204
153 214 155 217
153 219 155 222
153 244 155 247
150 248 157 248
154 7 156 10
154 27 156 30
154 31 156 34
154 44 156 47
154 48 156 51
154 57 156 60
153 73 156 75
154 103 156 106
154 107 156 109
154 114 156 117
154 122 156 124
154 129 156 132
154 163 156 166
154 175 156 178
154 205 156 208
154 223 156 226
154 227 156 229
155 11 157 14
155 16 157 19
155 20 158 22
155 35 157 38
155 61 157 64
155 65 157 68
155 69 158 71
155 93 157 96
155 141 157 144
155 145 157 148
155 149 157 152
155 153 157 156
155 157 157 160
155 179 157 182
155 209 157 212
155 230 157 233
156 0 158 3
156 23 158 26
156 39 158 42
156 52 158 55
156 76 158 79
156 80 158 83
156 84 158 87
155 97 158 98
156 99 158 102
156 110 158 113
156 118 158 121
156 125 158 128
156 133 158 136
156 137 158 140
155 161 158 162
156 167 158 170
156 171 158 174
156 183 158 186
156 187 158 190
156 193 158 196
156 197 158 200
156 201 158 204
156 217 158 220
156 239 158 242
156 243 158 246
157 5 159 8
157 27 159 30
157 31 159 34
157 43 159 46
157 47 159 50
157 56 159 59
156 88 159 90
157 103 159 106
157 107 159 109
157 122 160 124
157 129 159 132
157 163 159 166
157 175 159 178
157 205 159 208
157 221 159 224
157 225 159 228
156 234 159 236
155 237 160 238
158 9 160 12
158 13 160 16
158 17 161 19
158 35 160 38
158 61 160 64
158 65 160 68
158 91 160 94
158 141 160 144
158 145 160 148
158 149 160 152
158 153 160 156
158 157 160 160
158 179 160 182
158 209 160 212
157 213 160 215
158 229 160 232
158 247 160 249
159 20 161 23
159 39 161 42
159 51 161 54
159 69 161 72
159 74 161 77
159 78 161 81
159 82 161 85
159 95 161 98
159 100 162 102
159 110 161 113
158 114 161 116
159 117 161 120
159 125 161 128
159 133 161 136
159 137 161 140
159 167 161 170
159 171 161 174
159 183 161 186
159 187 161 190
157 191 162 192
159 193 161 196
159 197 161 200
159 201 161 204
159 216 161 219
159 239 161 242
159 243 161 246
159 0 162 2
160 3 162 6
160 25 162 28
160 29 162 32
160 43 162 46
160 47 162 50
160 55 162 58
160 86 162 89
160 106 162 109
160 129 162 132
160 164 163 166
160 175 162 178
160 205 162 208
160 220 162 223
160 224 162 227
160 233 162 236
161 7 163 10
161 11 163 14
161 33 163 36
161 63 163 66
161 90 163 93
160 103 163 105
161 121 163 124
161 141 163 144
161 145 163 148
161 149 163 152
161 156 163 159
161 160 163 163
161 179 163 182
161 209 163 212
161 213 163 215
161 228 163 231
161 247 163 249
162 15 164 18
162 19 164 22
162 37 164 40
162 52 165 54
162 67 164 70
162 71 164 74
162 75 164 78
162 79 164 82
162 83 164 85
162 94 164 97
162 110 164 113
162 115 164 118
162 125 164 128
162 133 164 136
162 137 164 140
161 153 164 155
162 167 164 170
162 172 165 174
162 183 164 186
162 187 164 190
162 193 164 196
162 197 164 200
162 201 164 204
162 216 164 219
162 237 164 240
162 241 164 244
163 1 165 4
162 23 165 24
163 25 165 28
163 30 166 32
163 41 165 44
163 45 165 48
163 49 166 51
163 55 165 58
162 59 165 61
163 86 165 89
162 98 165 99
163 100 166 102
163 107 166 109
163 129 165 132
163 175 165 178
163 205 165 208
163 220 165 223
163 224 165 227
163 232 165 235
164 8 166 11
164 34 167 36
164 90 166 93
164 103 166 106
162 119 167 120
164 121 166 124
164 141 166 144
164 145 166 148
164 149 166 152
164 156 166 159
164 160 166 163
164 164 167 166
164 179 166 182
163 191 166 192
164 209 166 212
164 213 166 215
164 228 166 231
162 245 167 246
164 247 167 249
164 5 167 7
165 13 167 16
165 17 167 20
165 37 167 40
164 62 167 64
165 65 167 68
165 69 167 72
165 73 167 76
165 77 167 80
165 81 167 84
165 94 167 97
165 110 167 113
165 114 167 117
165 125 167 128
165 137 167 140
165 153 167 155
165 167 167 170
165 183 167 186
165 187 167 190
165 193 167 196
165 197 167 200
165 201 167 204
165 216 167 219
165 236 167 239
165 240 167 243
166 0 168 3
166 21 168 24
166 25 168 28
166 41 168 44
166 45 168 48
166 52 168 55
166 56 168 59
166 85 168 88
166 129 168 132
166 171 168 174
166 175 168 178
166 205 168 208
166 220 168 223
166 224 168 227
167 8 169 11
164 12 171 12
167 49 169 51
167 89 169 92
167 98 169 101
167 102 169 105
167 106 169 109
167 122 170 124
167 141 169 144
167 145 169 148
167 149 169 152
167 156 169 159
167 160 169 163
167 180 170 182
167 209 169 212
167 213 169 215
167 228 169 231
168 4 170 7
168 15 170 18
167 29 170 31
168 32 170 35
168 36 170 39
166 60 171 61
168 62 170 65
168 67 170 70
168 71 170 74
168 75 170 78
168 79 170 82
168 93 170 96
168 110 170 113
168 114 170 117
168 118 170 121
168 125 170 128
168 135 170 138
168 153 171 155
168 165 170 168
168 183 170 186
168 187 170 190
168 191 170 194
168 196 170 199
168 200 170 203
168 216 170 219
167 232 169 235
168 236 170 239
168 240 170 243
168 244 170 247
169 19 171 22
169 25 171 28
169 40 171 43
169 44 171 47
169 52 171 55
169 56 171 59
169 83 171 86
169 129 171 132
169 169 171 172
169 173 171 176
169 177 171 179
169 204 171 207
169 220 171 223
168 248 171 249
169 0 172 2
170 8 172 11
169 23 172 24
170 48 172 51
170 87 172 90
170 97 172 100
170 101 172 104
170 105 172 108
170 139 172 142
170 143 172 146
170 147 172 150
170 156 172 159
170 161 172 164
170 208 172 211
170 212 172 215
169 224 172 226
170 227 172 230
170 231 172 234
171 3 173 6
171 13 173 16
171 29 173 32
171 33 173 36
171 37 173 39
171 62 173 65
171 66 173 69
171 70 173 73
171 74 173 77
171 78 173 81
171 91 173 94
171 109 173 112
171 113 173 116
171 117 173 120
171 121 173 124
171 125 173 128
169 133 174 134
171 135 173 138
171 165 173 168
171 180 173 183
171 184 173 187
171 188 173 191
171 192 173 195
171 196 173 199
171 201 174 203
171 216 173 219
171 235 173 238
171 239 173 242
171 243 173 246
172 17 174 20
172 25 174 28
172 40 174 43
172 44 174 47
172 52 174 55
172 56 174 59
172 83 174 86
172 129 174 132
170 151 175 152
172 153 174 155
172 170 174 173
172 174 174 177
172 204 174 207
172 220 174 223
172 247 174 249
173 0 176 2
173 7 175 10
173 21 175 24
173 48 175 51
173 87 175 90
171 95 176 96
173 97 175 100
173 101 175 104
173 106 176 108
173 139 175 142
173 143 175 146
173 147 175 150
173 157 175 160
173 161 175 164
173 208 175 211
173 212 175 215
173 227 175 230
173 231 175 234
174 3 176 6
174 11 176 14
174 30 176 33
174 34 176 37
172 60 177 61
174 62 176 65
174 66 176 69
174 70 176 73
174 74 176 77
174 78 176 81
174 109 176 112
174 113 176 116
174 117 176 120
174 121 176 124
174 125 176 128
174 135 176 138
174 165 176 168
172 178 177 179
174 180 176 183
174 184 176 187
174 188 176 191
174 193 176 196
174 197 176 200
174 216 176 219
174 235 176 238
174 239 176 242
174 243 176 246
175 15 177 18
175 25 177 28
175 38 177 41
175 42 177 45
175 52 177 55
175 56 177 59
175 82 177 85
174 91 177 93
175 132 178 134
175 153 177 156
175 170 177 173
175 174 177 177
175 201 177 204
175 205 177 207
175 220 177 223
175 247 177 249
176 7 178 10
175 19 178 20
176 21 178 24
175 46 178 47
176 48 178 51
176 86 178 89
176 97 178 100
176 102 178 105
176 140 178 143
176 144 178 147
176 148 178 151
176 157 178 160
176 161 178 164
176 208 178 211
176 212 178 215
175 224 178 226
176 228 178 231
176 232 179 234
177 0 179 3
177 4 179 6
177 11 179 14
177 29 179 32
177 33 179 36
177 62 179 65
177 66 179 69
177 70 179 73
177 74 179 77
177 78 179 81
177 94 180 96
177 107 179 110
177 111 179 114
177 115 179 118
177 119 179 122
177 123 179 126
177 127 179 130
177 135 179 138
177 165 179 168
172 169 183 169
177 180 179 183
177 184 179 187
177 188 179 191
177 192 179 195
177 196 179 199
177 216 179 219
177 235 179 238
177 239 179 242
178 15 180 18
178 25 180 28
178 37 180 40
178 41 180 44
178 54 180 57
178 58 180 61
178 82 180 85
178 152 180 155
178 174 180 177
178 202 180 205
178 220 180 223
177 243 180 245
178 246 180 249
179 7 181 10
179 19 181 22
179 45 181 48
179 49 181 52
179 86 181 89
179 97 181 100
179 101 181 104
179 131 181 134
179 139 181 142
179 143 181 146
179 147 181 150
179 156 181 159
179 160 181 163
178 206 181 207
179 208 181 211
179 212 181 215
179 224 181 227
179 228 181 231
180 0 182 3
180 4 183 6
180 11 182 14
180 29 182 32
180 33 182 36
180 62 182 65
180 66 182 69
180 70 182 73
180 74 182 77
180 78 182 81
179 90 182 92
180 106 182 109
180 110 182 113
180 114 182 117
180 118 182 121
180 122 182 125
180 126 182 129
180 136 183 138
180 164 182 167
179 170 182 172
178 178 183 179
180 180 182 183
180 184 182 187
180 188 182 191
180 192 182 195
180 196 182 199
178 200 183 201
180 217 183 219
180 232 182 235
180 236 182 239
180 240 182 242
181 15 183 18
179 23 184 24
181 25 183 28
181 37 183 40
181 53 183 56
181 57 183 60
181 82 183 85
181 94 184 96
181 151 183 154
181 175 184 177
181 202 183 205
181 221 184 223
181 243 183 246
181 247 183 249
182 7 184 10
182 19 184 22
182 43 184 46
182 86 184 89
182 97 184 100
182 101 184 104
179 105 186 105
182 139 184 142
182 143 184 146
182 155 184 158
182 159 184 162
182 208 184 211
182 212 184 215
182 225 184 228
182 229 184 231
183 0 185 3
183 11 185 14
183 30 185 33
183 34 186 36
181 41 186 42
183 61 185 64
183 67 185 70
183 71 185 74
183 75 185 78
183 79 186 81
183 90 185 93
183 106 185 109
183 110 185 113
183 114 185 117
183 118 185 121
183 122 185 125
183 126 185 129
182 130 185 132
182 147 185 149
183 163 185 166
183 170 185 173
183 181 185 184
183 185 185 188
183 189 185 192
183 193 185 196
183 197 185 199
183 232 185 235
183 236 185 239
183 240 185 242
184 4 187 6
184 16 187 18
184 26 186 29
184 37 186 40
183 47 186 49
184 52 186 55
184 56 186 59
184 82 186 85
184 134 186 137
184 150 186 153
184 167 187 169
184 178 186 180
184 200 186 203
184 216 186 219
184 243 186 246
184 247 187 249
185 7 187 10
185 19 187 22
185 43 187 46
183 50 188 51
185 94 187 97
185 98 187 101
185 102 187 104
185 138 187 141
185 142 187 145
185 154 187 157
185 158 187 161
185 174 187 177
184 204 187 206
185 207 187 210
185 211 187 214
185 221 187 224
185 225 187 228
185 229 187 231
186 0 188 3
186 11 188 14
186 30 188 33
186 60 188 63
186 64 188 67
186 68 188 71
186 72 188 75
186 76 188 78
186 88 188 91
186 106 188 109
186 110 188 113
186 114 188 117
186 118 188 121
186 122 188 125
186 126 188 129
186 130 188 133
186 146 188 149
186 162 188 165
186 181 188 184
186 185 188 188
186 189 188 192
186 193 188 196
186 197 189 199
181 220 192 220
186 232 188 235
186 236 188 239
186 240 189 242
186 23 189 25
187 26 189 29
187 34 189 37
187 38 189 41
187 47 189 49
187 52 189 55
187 56 189 59
187 79 189 82
187 83 189 86
187 150 189 153
187 178 190 180
187 200 189 203
187 215 189 218
188 4 190 7
188 8 191 10
188 15 190 18
188 19 190 22
188 42 190 45
186 92 191 93
188 94 190 97
188 98 190 101
188 102 190 105
188 136 190 139
188 140 190 143
188 154 190 157
188 158 190 161
188 166 190 169
187 170 190 172
188 173 190 176
188 204 190 207
188 212 191 214
188 221 190 224
188 225 190 228
188 229 190 231
188 245 190 248
189 0 191 3
189 11 191 14
189 30 191 33
189 60 191 63
189 64 191 67
189 68 191 71
189 74 191 77
189 87 191 90
189 106 191 109
189 112 191 115
189 117 191 120
189 121 191 124
189 125 191 128
189 129 191 132
189 144 191 147
189 162 191 165
189 181 191 184
189 185 191 188
189 189 191 192
188 208 191 210
189 232 191 235
187 243 192 244
190 23 192 26
190 27 192 29
190 38 192 41
190 46 192 49
190 50 192 53
190 54 192 57
190 78 192 81
190 82 192 85
189 133 192 135
190 148 192 151
190 195 192 198
190 199 192 202
190 215 192 218
190 238 192 241
191 4 193 7
191 15 193 18
191 19 193 22
190 34 193 36
191 43 194 45
189 72 194 73
191 94 193 97
191 98 193 101
191 102 193 105
191 136 193 139
191 140 193 143
190 152 193 153
191 154 193 157
191 158 193 161
191 167 193 170
191 173 193 176
191 177 193 180
191 204 193 207
187 219 196 219
191 221 193 224
191 225 193 228
191 229 194 231
189 236 194 237
191 245 193 248
188 249 195 249
192 0 194 3
192 8 194 11
192 12 194 14
192 31 195 33
190 58 195 59
192 60 194 63
192 64 194 67
192 68 194 71
192 74 194 77
192 86 194 89
192 90 194 93
192 106 194 109
192 110 194 113
192 114 194 117
192 118 194 121
192 122 194 125
192 126 194 129
192 130 195 132
192 144 194 147
192 162 194 165
192 181 194 184
192 185 194 188
192 189 194 192
192 208 194 211
192 212 195 214
192 232 194 235
193 23 195 26
193 27 195 30
193 37 195 40
193 46 195 49
193 50 195 53
193 54 195 57
193 78 195 81
193 133 196 135
193 148 195 151
191 171 196 172
193 193 195 196
193 198 195 201
193 238 195 241
193 242 195 244
194 4 196 7
194 16 196 19
194 20 197 22
193 82 196 84
194 94 196 97
194 100 196 103
194 136 196 139
194 140 196 143
194 152 196 155
194 156 196 159
194 166 196 169
194 173 196 176
194 177 196 180
194 202 196 205
193 215 196 217
194 220 196 223
194 224 196 227
194 245 196 248
195 0 197 3
195 8 197 11
195 12 197 15
195 41 197 44
195 60 197 63
195 64 197 67
195 70 197 73
195 74 197 77
195 87 197 90
195 91 198 93
195 104 197 107
195 108 197 111
195 112 197 115
195 117 197 120
195 126 197 129
195 144 197 147
195 161 197 164
195 181 197 184
195 185 197 188
195 189 197 192
195 206 197 209
195 228 197 231
195 232 197 235
196 23 198 26
196 27 198 30
196 31 198 34
194 35 199 36
196 37 198 40
196 45 198 48
196 51 198 54
196 55 198 58
196 78 198 81
196 130 198 132
196 148 198 151
196 193 198 196
196 197 198 200
195 210 198 211
196 212 198 214
196 236 198 239
196 240 198 243
197 4 199 7
196 49 199 50
195 68 199 69
197 82 199 85
197 98 199 101
196 121 199 123
197 135 199 138
197 139 199 142
197 152 199 155
197 156 199 159
197 165 199 168
197 170 199 173
197 175 199 178
197 201 199 204
197 215 199 218
197 219 199 222
197 223 199 226
197 244 199 247
198 0 199 3
198 8 199 13
198 14 199 19
198 59 199 62
198 70 199 73
198 102 199 105
198 106 199 111
198 112 199 115
198 116 199 120
198 124 199 127
198 160 199 163
198 179 199 182
198 183 199 186
198 205 199 209
198 227 199 232
199 20 199 27
199 37 199 46
199 51 199 58
199 86 199 95
199 187 199 198
199 233 199 240
